* installing *source* package ‘forecast’ ...
** package ‘forecast’ successfully unpacked and MD5 sums checked
** using staged installation
** libs
g++ -std=gnu++11 -I"/opt/R/4.1.1/lib/R/include" -DNDEBUG  -I'/opt/R/4.1.1/lib/R/site-library/Rcpp/include' -I'/opt/R/4.1.1/lib/R/site-library/RcppArmadillo/include' -I/usr/local/include  -fopenmp -fpic  -g -O2  -c calcBATS.cpp -o calcBATS.o
g++ -std=gnu++11 -I"/opt/R/4.1.1/lib/R/include" -DNDEBUG  -I'/opt/R/4.1.1/lib/R/site-library/Rcpp/include' -I'/opt/R/4.1.1/lib/R/site-library/RcppArmadillo/include' -I/usr/local/include  -fopenmp -fpic  -g -O2  -c calcTBATS.cpp -o calcTBATS.o
g++ -std=gnu++11 -I"/opt/R/4.1.1/lib/R/include" -DNDEBUG  -I'/opt/R/4.1.1/lib/R/site-library/Rcpp/include' -I'/opt/R/4.1.1/lib/R/site-library/RcppArmadillo/include' -I/usr/local/include  -fopenmp -fpic  -g -O2  -c etsTargetFunction.cpp -o etsTargetFunction.o
g++ -std=gnu++11 -I"/opt/R/4.1.1/lib/R/include" -DNDEBUG  -I'/opt/R/4.1.1/lib/R/site-library/Rcpp/include' -I'/opt/R/4.1.1/lib/R/site-library/RcppArmadillo/include' -I/usr/local/include  -fopenmp -fpic  -g -O2  -c etsTargetFunctionWrapper.cpp -o etsTargetFunctionWrapper.o
gcc -I"/opt/R/4.1.1/lib/R/include" -DNDEBUG  -I'/opt/R/4.1.1/lib/R/site-library/Rcpp/include' -I'/opt/R/4.1.1/lib/R/site-library/RcppArmadillo/include' -I/usr/local/include   -fpic  -g -O2  -c etscalc.c -o etscalc.o
gcc -I"/opt/R/4.1.1/lib/R/include" -DNDEBUG  -I'/opt/R/4.1.1/lib/R/site-library/Rcpp/include' -I'/opt/R/4.1.1/lib/R/site-library/RcppArmadillo/include' -I/usr/local/include   -fpic  -g -O2  -c etspolyroot.c -o etspolyroot.o
g++ -std=gnu++11 -I"/opt/R/4.1.1/lib/R/include" -DNDEBUG  -I'/opt/R/4.1.1/lib/R/site-library/Rcpp/include' -I'/opt/R/4.1.1/lib/R/site-library/RcppArmadillo/include' -I/usr/local/include  -fopenmp -fpic  -g -O2  -c makeBATSMatrices.cpp -o makeBATSMatrices.o
g++ -std=gnu++11 -I"/opt/R/4.1.1/lib/R/include" -DNDEBUG  -I'/opt/R/4.1.1/lib/R/site-library/Rcpp/include' -I'/opt/R/4.1.1/lib/R/site-library/RcppArmadillo/include' -I/usr/local/include  -fopenmp -fpic  -g -O2  -c makeTBATSMatrices.cpp -o makeTBATSMatrices.o
gcc -I"/opt/R/4.1.1/lib/R/include" -DNDEBUG  -I'/opt/R/4.1.1/lib/R/site-library/Rcpp/include' -I'/opt/R/4.1.1/lib/R/site-library/RcppArmadillo/include' -I/usr/local/include   -fpic  -g -O2  -c registerDynamicSymbol.c -o registerDynamicSymbol.o
g++ -std=gnu++11 -I"/opt/R/4.1.1/lib/R/include" -DNDEBUG  -I'/opt/R/4.1.1/lib/R/site-library/Rcpp/include' -I'/opt/R/4.1.1/lib/R/site-library/RcppArmadillo/include' -I/usr/local/include  -fopenmp -fpic  -g -O2  -c updateMatrices.cpp -o updateMatrices.o
g++ -std=gnu++11 -I"/opt/R/4.1.1/lib/R/include" -DNDEBUG  -I'/opt/R/4.1.1/lib/R/site-library/Rcpp/include' -I'/opt/R/4.1.1/lib/R/site-library/RcppArmadillo/include' -I/usr/local/include  -fopenmp -fpic  -g -O2  -c updateTBATSMatrices.cpp -o updateTBATSMatrices.o
g++ -std=gnu++11 -shared -L/opt/R/4.1.1/lib/R/lib -L/usr/local/lib -o forecast.so calcBATS.o calcTBATS.o etsTargetFunction.o etsTargetFunctionWrapper.o etscalc.o etspolyroot.o makeBATSMatrices.o makeTBATSMatrices.o registerDynamicSymbol.o updateMatrices.o updateTBATSMatrices.o -fopenmp -llapack -lblas -lgfortran -lm -lquadmath -L/opt/R/4.1.1/lib/R/lib -lR
installing to /tmp/workdir/forecast/old/forecast.Rcheck/00LOCK-forecast/00new/forecast/libs
** R
** data
*** moving datasets to lazyload DB
** inst
** byte-compile and prepare package for lazy loading
** help
*** installing help indices
*** copying figures
** building package indices
** installing vignettes
** testing if installed package can be loaded from temporary location
** checking absolute paths in shared objects and dynamic libraries
** testing if installed package can be loaded from final location
** testing if installed package keeps a record of temporary installation path
* DONE (forecast)
