* installing *source* package ‘multgee’ ...
** package ‘multgee’ successfully unpacked and MD5 sums checked
** using staged installation
** libs
g++ -std=gnu++11 -I"/opt/R/4.1.1/lib/R/include" -DNDEBUG  -I'/opt/R/4.1.1/lib/R/site-library/Rcpp/include' -I'/opt/R/4.1.1/lib/R/site-library/RcppArmadillo/include' -I/usr/local/include  -fopenmp -fpic  -g -O2  -c RcppExports.cpp -o RcppExports.o
g++ -std=gnu++11 -I"/opt/R/4.1.1/lib/R/include" -DNDEBUG  -I'/opt/R/4.1.1/lib/R/site-library/Rcpp/include' -I'/opt/R/4.1.1/lib/R/site-library/RcppArmadillo/include' -I/usr/local/include  -fopenmp -fpic  -g -O2  -c code.cpp -o code.o
g++ -std=gnu++11 -shared -L/opt/R/4.1.1/lib/R/lib -L/usr/local/lib -o multgee.so RcppExports.o code.o -fopenmp -llapack -lblas -lgfortran -lm -lquadmath -L/opt/R/4.1.1/lib/R/lib -lR
installing to /tmp/workdir/multgee/old/multgee.Rcheck/00LOCK-multgee/00new/multgee/libs
** R
** data
*** moving datasets to lazyload DB
** inst
** byte-compile and prepare package for lazy loading
** help
*** installing help indices
** building package indices
** installing vignettes
** testing if installed package can be loaded from temporary location
** checking absolute paths in shared objects and dynamic libraries
** testing if installed package can be loaded from final location
** testing if installed package keeps a record of temporary installation path
* DONE (multgee)
