* installing *source* package ‘markovchain’ ...
** package ‘markovchain’ successfully unpacked and MD5 sums checked
** using staged installation
** libs
g++ -std=gnu++11 -I"/opt/R/4.1.1/lib/R/include" -DNDEBUG  -I'/opt/R/4.1.1/lib/R/site-library/Rcpp/include' -I'/opt/R/4.1.1/lib/R/site-library/RcppParallel/include' -I'/opt/R/4.1.1/lib/R/site-library/RcppArmadillo/include' -I/usr/local/include   -fpic  -g -O2  -c RcppExports.cpp -o RcppExports.o
g++ -std=gnu++11 -I"/opt/R/4.1.1/lib/R/include" -DNDEBUG  -I'/opt/R/4.1.1/lib/R/site-library/Rcpp/include' -I'/opt/R/4.1.1/lib/R/site-library/RcppParallel/include' -I'/opt/R/4.1.1/lib/R/site-library/RcppArmadillo/include' -I/usr/local/include   -fpic  -g -O2  -c classesAndMethods.cpp -o classesAndMethods.o
g++ -std=gnu++11 -I"/opt/R/4.1.1/lib/R/include" -DNDEBUG  -I'/opt/R/4.1.1/lib/R/site-library/Rcpp/include' -I'/opt/R/4.1.1/lib/R/site-library/RcppParallel/include' -I'/opt/R/4.1.1/lib/R/site-library/RcppArmadillo/include' -I/usr/local/include   -fpic  -g -O2  -c ctmcClassesAndMethods.cpp -o ctmcClassesAndMethods.o
g++ -std=gnu++11 -I"/opt/R/4.1.1/lib/R/include" -DNDEBUG  -I'/opt/R/4.1.1/lib/R/site-library/Rcpp/include' -I'/opt/R/4.1.1/lib/R/site-library/RcppParallel/include' -I'/opt/R/4.1.1/lib/R/site-library/RcppArmadillo/include' -I/usr/local/include   -fpic  -g -O2  -c ctmcFittingFunctions.cpp -o ctmcFittingFunctions.o
g++ -std=gnu++11 -I"/opt/R/4.1.1/lib/R/include" -DNDEBUG  -I'/opt/R/4.1.1/lib/R/site-library/Rcpp/include' -I'/opt/R/4.1.1/lib/R/site-library/RcppParallel/include' -I'/opt/R/4.1.1/lib/R/site-library/RcppArmadillo/include' -I/usr/local/include   -fpic  -g -O2  -c ctmcProbabilistic.cpp -o ctmcProbabilistic.o
g++ -std=gnu++11 -I"/opt/R/4.1.1/lib/R/include" -DNDEBUG  -I'/opt/R/4.1.1/lib/R/site-library/Rcpp/include' -I'/opt/R/4.1.1/lib/R/site-library/RcppParallel/include' -I'/opt/R/4.1.1/lib/R/site-library/RcppArmadillo/include' -I/usr/local/include   -fpic  -g -O2  -c fitHigherOrder.cpp -o fitHigherOrder.o
g++ -std=gnu++11 -I"/opt/R/4.1.1/lib/R/include" -DNDEBUG  -I'/opt/R/4.1.1/lib/R/site-library/Rcpp/include' -I'/opt/R/4.1.1/lib/R/site-library/RcppParallel/include' -I'/opt/R/4.1.1/lib/R/site-library/RcppArmadillo/include' -I/usr/local/include   -fpic  -g -O2  -c fittingFunctions.cpp -o fittingFunctions.o
g++ -std=gnu++11 -I"/opt/R/4.1.1/lib/R/include" -DNDEBUG  -I'/opt/R/4.1.1/lib/R/site-library/Rcpp/include' -I'/opt/R/4.1.1/lib/R/site-library/RcppParallel/include' -I'/opt/R/4.1.1/lib/R/site-library/RcppArmadillo/include' -I/usr/local/include   -fpic  -g -O2  -c multinomCI.cpp -o multinomCI.o
g++ -std=gnu++11 -I"/opt/R/4.1.1/lib/R/include" -DNDEBUG  -I'/opt/R/4.1.1/lib/R/site-library/Rcpp/include' -I'/opt/R/4.1.1/lib/R/site-library/RcppParallel/include' -I'/opt/R/4.1.1/lib/R/site-library/RcppArmadillo/include' -I/usr/local/include   -fpic  -g -O2  -c probabilistic.cpp -o probabilistic.o
g++ -std=gnu++11 -I"/opt/R/4.1.1/lib/R/include" -DNDEBUG  -I'/opt/R/4.1.1/lib/R/site-library/Rcpp/include' -I'/opt/R/4.1.1/lib/R/site-library/RcppParallel/include' -I'/opt/R/4.1.1/lib/R/site-library/RcppArmadillo/include' -I/usr/local/include   -fpic  -g -O2  -c utils.cpp -o utils.o
g++ -std=gnu++11 -shared -L/opt/R/4.1.1/lib/R/lib -L/usr/local/lib -o markovchain.so RcppExports.o classesAndMethods.o ctmcClassesAndMethods.o ctmcFittingFunctions.o ctmcProbabilistic.o fitHigherOrder.o fittingFunctions.o multinomCI.o probabilistic.o utils.o -llapack -lblas -lgfortran -lm -lquadmath -L/opt/R/4.1.1/lib/R/lib -lR
installing to /tmp/workdir/markovchain/old/markovchain.Rcheck/00LOCK-markovchain/00new/markovchain/libs
** R
** data
** demo
** inst
** byte-compile and prepare package for lazy loading
** help
*** installing help indices
** building package indices
** installing vignettes
** testing if installed package can be loaded from temporary location
** checking absolute paths in shared objects and dynamic libraries
** testing if installed package can be loaded from final location
** testing if installed package keeps a record of temporary installation path
* DONE (markovchain)
